<?xml version="1.0" encoding="UTF-8"?>
<!-- Generated by org.testng.reporters.JUnitXMLReporter -->
<testsuite hostname="newusers-MacBook-Pro.local" ignored="2" name="Default test" tests="5" failures="0" timestamp="2020-08-14T05:11:27 EDT" time="5.035" errors="0">
  <testcase name="clickToday" time="0.599" classname="com.qa.darksky.test.HomePageTest"/>
  <testcase name="verifyHomeaPageTitle" time="0.093" classname="com.qa.darksky.test.HomePageTest"/>
  <testcase name="getTempeList" time="0.242" classname="com.qa.darksky.test.HomePageTest"/>
  <testcase name="minTempe" time="0.002" classname="com.qa.darksky.test.HomePageTest"/>
  <testcase name="maxTempe" time="0.002" classname="com.qa.darksky.test.HomePageTest"/>
  <testcase name="verifyMax" time="0.0" classname="com.qa.darksky.test.HomePageTest">
    <ignored/>
  </testcase> <!-- verifyMax -->
  <testcase name="verifyMinTempe" time="0.0" classname="com.qa.darksky.test.HomePageTest">
    <ignored/>
  </testcase> <!-- verifyMinTempe -->
</testsuite> <!-- Default test -->
